[INFO] Scanning for projects...
[INFO] 
[INFO] ------------------------< com.example:maingest >------------------------
[INFO] Building maingest 0.0.1-SNAPSHOT
[INFO]   from pom.xml
[INFO] --------------------------------[ jar ]---------------------------------
[INFO] 
[INFO] >>> spring-boot:4.0.1:run (default-cli) > test-compile @ maingest >>>
[INFO] 
[INFO] --- resources:3.3.1:resources (default-resources) @ maingest ---
[INFO] Copying 1 resource from src/main/resources to target/classes
[INFO] Copying 0 resource from src/main/resources to target/classes
[INFO] 
[INFO] --- compiler:3.14.1:compile (default-compile) @ maingest ---
[INFO] Nothing to compile - all classes are up to date.
[INFO] 
[INFO] --- resources:3.3.1:testResources (default-testResources) @ maingest ---
[INFO] skip non existing resourceDirectory /home/wolder/Documents/github/maingest este si/maingesta/maingest/src/test/resources
[INFO] 
[INFO] --- compiler:3.14.1:testCompile (default-testCompile) @ maingest ---
[INFO] Nothing to compile - all classes are up to date.
[INFO] 
[INFO] <<< spring-boot:4.0.1:run (default-cli) < test-compile @ maingest <<<
[INFO] 
[INFO] 
[INFO] --- spring-boot:4.0.1:run (default-cli) @ maingest ---
[INFO] Attaching agents: []

  .   ____          _            __ _ _
 /\\ / ___'_ __ _ _(_)_ __  __ _ \ \ \ \
( ( )\___ | '_ | '_| | '_ \/ _` | \ \ \ \
 \\/  ___)| |_)| | | | | || (_| |  ) ) ) )
  '  |____| .__|_| |_|_| |_\__, | / / / /
 =========|_|==============|___/=/_/_/_/

 :: Spring Boot ::                (v4.0.1)

2026-03-07T16:39:19.167-05:00  INFO 75553 --- [maingest] [  restartedMain] c.example.maingest.MaingestApplication   : Starting MaingestApplication using Java 25.0.2 with PID 75553 (/home/wolder/Documents/github/maingest este si/maingesta/maingest/target/classes started by wolder in /home/wolder/Documents/github/maingest este si/maingesta/maingest)
2026-03-07T16:39:19.168-05:00  INFO 75553 --- [maingest] [  restartedMain] c.example.maingest.MaingestApplication   : No active profile set, falling back to 1 default profile: "default"
2026-03-07T16:39:19.199-05:00  INFO 75553 --- [maingest] [  restartedMain] .e.DevToolsPropertyDefaultsPostProcessor : Devtools property defaults active! Set 'spring.devtools.add-properties' to 'false' to disable
2026-03-07T16:39:19.199-05:00  INFO 75553 --- [maingest] [  restartedMain] .e.DevToolsPropertyDefaultsPostProcessor : For additional web related logging consider setting the 'logging.level.web' property to 'DEBUG'
2026-03-07T16:39:19.659-05:00  INFO 75553 --- [maingest] [  restartedMain] .s.d.r.c.RepositoryConfigurationDelegate : Bootstrapping Spring Data JPA repositories in DEFAULT mode.
2026-03-07T16:39:19.710-05:00  INFO 75553 --- [maingest] [  restartedMain] .s.d.r.c.RepositoryConfigurationDelegate : Finished Spring Data repository scanning in 46 ms. Found 18 JPA repository interfaces.
2026-03-07T16:39:20.029-05:00  INFO 75553 --- [maingest] [  restartedMain] o.s.boot.tomcat.TomcatWebServer          : Tomcat initialized with port 8080 (http)
2026-03-07T16:39:20.036-05:00  INFO 75553 --- [maingest] [  restartedMain] o.apache.catalina.core.StandardService   : Starting service [Tomcat]
2026-03-07T16:39:20.037-05:00  INFO 75553 --- [maingest] [  restartedMain] o.apache.catalina.core.StandardEngine    : Starting Servlet engine: [Apache Tomcat/11.0.15]
2026-03-07T16:39:20.055-05:00  INFO 75553 --- [maingest] [  restartedMain] b.w.c.s.WebApplicationContextInitializer : Root WebApplicationContext: initialization completed in 855 ms
2026-03-07T16:39:20.124-05:00  INFO 75553 --- [maingest] [  restartedMain] org.hibernate.orm.jpa                    : HHH008540: Processing PersistenceUnitInfo [name: default]
2026-03-07T16:39:20.149-05:00  INFO 75553 --- [maingest] [  restartedMain] org.hibernate.orm.core                   : HHH000001: Hibernate ORM core version 7.2.0.Final
2026-03-07T16:39:20.407-05:00  INFO 75553 --- [maingest] [  restartedMain] o.s.o.j.p.SpringPersistenceUnitInfo      : No LoadTimeWeaver setup: ignoring JPA class transformer
2026-03-07T16:39:20.423-05:00  INFO 75553 --- [maingest] [  restartedMain] com.zaxxer.hikari.HikariDataSource       : HikariPool-1 - Starting...
2026-03-07T16:39:20.473-05:00  INFO 75553 --- [maingest] [  restartedMain] com.zaxxer.hikari.pool.HikariPool        : HikariPool-1 - Added connection org.postgresql.jdbc.PgConnection@1b76fcd9
2026-03-07T16:39:20.473-05:00  INFO 75553 --- [maingest] [  restartedMain] com.zaxxer.hikari.HikariDataSource       : HikariPool-1 - Start completed.
2026-03-07T16:39:20.488-05:00  WARN 75553 --- [maingest] [  restartedMain] org.hibernate.orm.deprecation            : HHH90000025: PostgreSQLDialect does not need to be specified explicitly using 'hibernate.dialect' (remove the property setting and it will be selected by default)
2026-03-07T16:39:20.500-05:00  INFO 75553 --- [maingest] [  restartedMain] org.hibernate.orm.connections.pooling    : HHH10001005: Database info:
	Database JDBC URL [jdbc:postgresql://localhost:5432/maingest]
	Database driver: PostgreSQL JDBC Driver
	Database dialect: PostgreSQLDialect
	Database version: 18.3
	Default catalog/schema: maingest/public
	Autocommit mode: undefined/unknown
	Isolation level: READ_COMMITTED [default READ_COMMITTED]
	JDBC fetch size: none
	Pool: DataSourceConnectionProvider
	Minimum pool size: undefined/unknown
	Maximum pool size: undefined/unknown
2026-03-07T16:39:21.213-05:00  INFO 75553 --- [maingest] [  restartedMain] org.hibernate.orm.core                   : HHH000489: No JTA platform available (set 'hibernate.transaction.jta.platform' to enable JTA platform integration)
2026-03-07T16:39:21.262-05:00  INFO 75553 --- [maingest] [  restartedMain] j.LocalContainerEntityManagerFactoryBean : Initialized JPA EntityManagerFactory for persistence unit 'default'
2026-03-07T16:39:21.299-05:00  INFO 75553 --- [maingest] [  restartedMain] o.s.d.j.r.query.QueryEnhancerFactories   : Hibernate is in classpath; If applicable, HQL parser will be used.
Hibernate: select p1_0.id,p1_0.area,p1_0.codigo,p1_0.nombre from permiso p1_0 where p1_0.area=? and p1_0.codigo=?
Hibernate: select p1_0.id,p1_0.area,p1_0.codigo,p1_0.nombre from permiso p1_0 where p1_0.area=? and p1_0.codigo=?
Hibernate: select p1_0.id,p1_0.area,p1_0.codigo,p1_0.nombre from permiso p1_0 where p1_0.area=? and p1_0.codigo=?
Hibernate: select p1_0.id,p1_0.area,p1_0.codigo,p1_0.nombre from permiso p1_0 where p1_0.area=? and p1_0.codigo=?
Hibernate: select p1_0.id,p1_0.area,p1_0.codigo,p1_0.nombre from permiso p1_0 where p1_0.area=? and p1_0.codigo=?
Hibernate: select p1_0.id,p1_0.area,p1_0.codigo,p1_0.nombre from permiso p1_0 where p1_0.area=? and p1_0.codigo=?
Hibernate: select p1_0.id,p1_0.area,p1_0.codigo,p1_0.nombre from permiso p1_0 where p1_0.area=? and p1_0.codigo=?
Hibernate: select p1_0.id,p1_0.area,p1_0.codigo,p1_0.nombre from permiso p1_0 where p1_0.area=? and p1_0.codigo=?
Hibernate: select p1_0.id,p1_0.area,p1_0.codigo,p1_0.nombre from permiso p1_0 where p1_0.area=? and p1_0.codigo=?
Hibernate: select p1_0.id,p1_0.area,p1_0.codigo,p1_0.nombre from permiso p1_0 where p1_0.area=? and p1_0.codigo=?
Hibernate: select p1_0.id,p1_0.area,p1_0.codigo,p1_0.nombre from permiso p1_0 where p1_0.area=? and p1_0.codigo=?
Hibernate: select p1_0.id,p1_0.area,p1_0.codigo,p1_0.nombre from permiso p1_0 where p1_0.area=? and p1_0.codigo=?
Hibernate: select p1_0.id,p1_0.area,p1_0.codigo,p1_0.nombre from permiso p1_0 where p1_0.area=? and p1_0.codigo=?
Hibernate: select p1_0.id,p1_0.area,p1_0.codigo,p1_0.nombre from permiso p1_0 where p1_0.area=? and p1_0.codigo=?
Hibernate: select p1_0.id,p1_0.area,p1_0.codigo,p1_0.nombre from permiso p1_0 where p1_0.area=? and p1_0.codigo=?
Hibernate: select p1_0.id,p1_0.area,p1_0.codigo,p1_0.nombre from permiso p1_0 where p1_0.area=? and p1_0.codigo=?
Hibernate: select p1_0.id,p1_0.area,p1_0.codigo,p1_0.nombre from permiso p1_0 where p1_0.area=? and p1_0.codigo=?
Hibernate: select p1_0.id,p1_0.area,p1_0.codigo,p1_0.nombre from permiso p1_0 where p1_0.area=? and p1_0.codigo=?
Hibernate: select p1_0.id,p1_0.area,p1_0.codigo,p1_0.nombre from permiso p1_0 where p1_0.area=? and p1_0.codigo=?
Hibernate: select p1_0.id,p1_0.area,p1_0.codigo,p1_0.nombre from permiso p1_0 where p1_0.area=? and p1_0.codigo=?
Hibernate: select p1_0.id,p1_0.area,p1_0.codigo,p1_0.nombre from permiso p1_0 where p1_0.area=? and p1_0.codigo=?
Hibernate: select p1_0.id,p1_0.area,p1_0.codigo,p1_0.nombre from permiso p1_0 where p1_0.area=? and p1_0.codigo=?
Hibernate: select p1_0.id,p1_0.area,p1_0.codigo,p1_0.nombre from permiso p1_0 where p1_0.area=? and p1_0.codigo=?
Hibernate: select p1_0.id,p1_0.area,p1_0.codigo,p1_0.nombre from permiso p1_0 where p1_0.area=? and p1_0.codigo=?
Hibernate: select p1_0.id,p1_0.area,p1_0.codigo,p1_0.nombre from permiso p1_0 where p1_0.area=? and p1_0.codigo=?
Hibernate: select p1_0.id,p1_0.area,p1_0.codigo,p1_0.nombre from permiso p1_0 where p1_0.area=? and p1_0.codigo=?
Hibernate: select p1_0.id,p1_0.area,p1_0.codigo,p1_0.nombre from permiso p1_0 where p1_0.area=? and p1_0.codigo=?
Hibernate: select p1_0.id,p1_0.area,p1_0.codigo,p1_0.nombre from permiso p1_0 where p1_0.area=? and p1_0.codigo=?
Hibernate: select p1_0.id,p1_0.area,p1_0.codigo,p1_0.nombre from permiso p1_0 where p1_0.area=? and p1_0.codigo=?
Hibernate: select p1_0.id,p1_0.area,p1_0.codigo,p1_0.nombre from permiso p1_0 where p1_0.area=? and p1_0.codigo=?
Hibernate: select p1_0.id,p1_0.area,p1_0.codigo,p1_0.nombre from permiso p1_0 where p1_0.area=? and p1_0.codigo=?
Hibernate: select p1_0.id,p1_0.area,p1_0.codigo,p1_0.nombre from permiso p1_0 where p1_0.area=? and p1_0.codigo=?
Hibernate: select p1_0.id,p1_0.area,p1_0.codigo,p1_0.nombre from permiso p1_0 where p1_0.area=? and p1_0.codigo=?
Hibernate: select p1_0.id,p1_0.area,p1_0.codigo,p1_0.nombre from permiso p1_0 where p1_0.area=? and p1_0.codigo=?
Hibernate: select p1_0.id,p1_0.area,p1_0.codigo,p1_0.nombre from permiso p1_0 where p1_0.area=? and p1_0.codigo=?
Hibernate: select p1_0.id,p1_0.area,p1_0.codigo,p1_0.nombre from permiso p1_0 where p1_0.area=? and p1_0.codigo=?
Hibernate: select p1_0.id,p1_0.area,p1_0.codigo,p1_0.nombre from permiso p1_0 where p1_0.area=? and p1_0.codigo=?
2026-03-07T16:39:21.815-05:00  INFO 75553 --- [maingest] [  restartedMain] c.example.maingest.security.JwtService   : JWT secret validado correctamente (32 bytes)
2026-03-07T16:39:22.865-05:00  WARN 75553 --- [maingest] [  restartedMain] JpaBaseConfiguration$JpaWebConfiguration : spring.jpa.open-in-view is enabled by default. Therefore, database queries may be performed during view rendering. Explicitly configure spring.jpa.open-in-view to disable this warning
2026-03-07T16:39:23.215-05:00  WARN 75553 --- [maingest] [  restartedMain] ConfigServletWebServerApplicationContext : Exception encountered during context initialization - cancelling refresh attempt: org.springframework.context.ApplicationContextException: Failed to start bean 'webServerStartStop'
2026-03-07T16:39:23.218-05:00  INFO 75553 --- [maingest] [  restartedMain] j.LocalContainerEntityManagerFactoryBean : Closing JPA EntityManagerFactory for persistence unit 'default'
2026-03-07T16:39:23.220-05:00  INFO 75553 --- [maingest] [  restartedMain] com.zaxxer.hikari.HikariDataSource       : HikariPool-1 - Shutdown initiated...
2026-03-07T16:39:23.223-05:00  INFO 75553 --- [maingest] [  restartedMain] com.zaxxer.hikari.HikariDataSource       : HikariPool-1 - Shutdown completed.
2026-03-07T16:39:23.229-05:00  INFO 75553 --- [maingest] [  restartedMain] .s.b.a.l.ConditionEvaluationReportLogger : 

Error starting ApplicationContext. To display the condition evaluation report re-run your application with 'debug' enabled.
2026-03-07T16:39:23.237-05:00 ERROR 75553 --- [maingest] [  restartedMain] o.s.b.d.LoggingFailureAnalysisReporter   : 

***************************
APPLICATION FAILED TO START
***************************

Description:

Web server failed to start. Port 8080 was already in use.

Action:

Identify and stop the process that's listening on port 8080 or configure this application to listen on another port.

[INFO] ------------------------------------------------------------------------
[INFO] BUILD SUCCESS
[INFO] ------------------------------------------------------------------------
[INFO] Total time:  5.719 s
[INFO] Finished at: 2026-03-07T16:39:23-05:00
[INFO] ------------------------------------------------------------------------
